<?xml version="1.0" encoding="UTF-8"?>
<!-- Generated by org.testng.reporters.JUnitReportReporter -->
<testsuite hostname="A_Prasanthkumar" failures="0" tests="1" name="validation.validate" time="8.191" errors="0" timestamp="2023-12-22T10:06:22 IST" skipped="0">
  <testcase classname="validation.validate" name="vali" time="8.191"/>
</testsuite> <!-- validation.validate -->
